[Server] â— Starting Aircache service (SQLite)
[Server] â„¹ Configuration {
  port: [33m3000[39m,
  syncMode: [32m'polling'[39m,
  refreshInterval: [32m'86400s'[39m,
  failsafeRefreshInterval: [32m'N/A'[39m
}
[Server] â— Starting SQLite worker
[Server] â„¹ Initializing SQLite databases
[SQLite] âœ” Data schema initialized
[SQLite] âœ” Data schema initialized
[SQLite] âš™ Webhook config already in metadata, skipping migration
[SQLite] âœ” SQLite connected - Active: v1
[SQLite] â„¹ Databases: data/aircache-v1.sqlite, data/aircache-v2.sqlite
[Server] âœ” SQLite databases initialized
[Server] âš™ Base ID unchanged, continuing normally {
  baseId: [32m'appmXLBOMo8pb5jd6'[39m
}
[Server] â— Syncing table mappings
[Mapping] â— Syncing mappings to SQLite databases...
[Mapping] âœ” Synced table mappings to both databases {
  count: [33m8[39m
}
[Server] âœ” Table mappings synced
[Server] â— Starting Elysia API server {
  port: [33m3000[39m
}
1 | // @bun
2 | var Y=(v,b)=>{let A=b?.length?{}:null;if(A)for(let Q of b)A[Q.part.charCodeAt(0)]=Q;return{part:v,store:null,inert:A,params:null,wildcardStore:null}},k=(v,b)=>({...v,part:b}),T=(v)=>({name:v,store:null,inert:null});class _{config;root={};history=[];deferred=[];constructor(v={}){this.config=v;if(v.lazy)this.find=this.lazyFind;if(v.onParam&&!Array.isArray(v.onParam))this.config.onParam=[this.config.onParam]}static regex={static:/:.+?(?=\/|$)/,params:/:.+?(?=\/|$)/g,optionalParams:/(\/:\w+\?)/g};lazyFind=(v,b)=>{if(!this.config.lazy)return this.find;return this.build(),this.find(v,b)};build(){if(!this.config.lazy)return;for(let[v,b,A]of this.deferred)this.add(v,b,A,{lazy:!1,ignoreHistory:!0});this.deferred=[],this.find=(v,b)=>{let A=this.root[v];if(!A)return null;return $(b,b.length,A,0,this.config.onParam)}}add(v,b,A,{ignoreError:Q=!1,ignoreHistory:O=!1,lazy:V=this.config.lazy}={}){if(V)return this.find=this.lazyFind,this.deferred.push([v,b,A]),A;if(typeof b!=="string")throw new TypeError("Route path must be a 

error: Cannot create route "/api/attachments/:id" with parameter "id" because a route already exists with a different parameter name ("table") in the same location
      at add (/home/guischk/dev/aircache/node_modules/elysia/node_modules/memoirist/dist/bun/index.js:2:2599)
      at build (/home/guischk/dev/aircache/node_modules/elysia/node_modules/memoirist/dist/bun/index.js:2:662)
      at composeGeneralHandler (/home/guischk/dev/aircache/node_modules/elysia/src/compose.ts:2331:18)
      at fetch (/home/guischk/dev/aircache/node_modules/elysia/src/index.ts:8076:6)
      at startSQLiteApiServer (/home/guischk/dev/aircache/src/api/index.ts:29:10)
      at startSQLiteServer (/home/guischk/dev/aircache/src/server/index.ts:93:8)
      at async startServer (/home/guischk/dev/aircache/src/server/index.ts:39:8)

Bun v1.3.7 (Linux x64)
